  Game.cpp
e:\myopengl\myopengldemo\myopengldemo\opengl\game.h(20): warning C4244: “初始化”: 从“double”转换到“GLfloat”，可能丢失数据
  DisplayManager.cpp
  Main.cpp
e:\myopengl\myopengldemo\myopengldemo\main.cpp(39): error C2065: “window”: 未声明的标识符
e:\myopengl\myopengldemo\myopengldemo\main.cpp(42): warning C4244: “初始化”: 从“double”转换到“GLfloat”，可能丢失数据
e:\myopengl\myopengldemo\myopengldemo\main.cpp(59): error C2065: “window”: 未声明的标识符
  BallObject.cpp
  TTQ.cpp
e:\myopengl\myopengldemo\myopengldemo\game\ttq.cpp(88): warning C4244: “参数”: 从“double”转换到“GLuint”，可能丢失数据
e:\myopengl\myopengldemo\myopengldemo\game\ttq.cpp(90): warning C4244: “参数”: 从“double”转换到“GLuint”，可能丢失数据
e:\myopengl\myopengldemo\myopengldemo\game\ttq.cpp(92): warning C4244: “参数”: 从“double”转换到“GLuint”，可能丢失数据
e:\myopengl\myopengldemo\myopengldemo\game\ttq.cpp(94): warning C4244: “参数”: 从“double”转换到“GLuint”，可能丢失数据
e:\myopengl\myopengldemo\myopengldemo\game\ttq.cpp(231): warning C4244: “参数”: 从“double”转换到“GLfloat”，可能丢失数据
e:\myopengl\myopengldemo\myopengldemo\game\ttq.cpp(238): warning C4244: “参数”: 从“GLuint”转换到“GLfloat”，可能丢失数据
e:\myopengl\myopengldemo\myopengldemo\game\ttq.cpp(244): warning C4244: “参数”: 从“GLuint”转换到“GLfloat”，可能丢失数据
e:\myopengl\myopengldemo\myopengldemo\game\ttq.cpp(251): warning C4244: “参数”: 从“float”转换到“GLuint”，可能丢失数据
e:\myopengl\myopengldemo\myopengldemo\game\ttq.cpp(253): warning C4244: “参数”: 从“float”转换到“GLuint”，可能丢失数据
e:\myopengl\myopengldemo\myopengldemo\game\ttq.cpp(255): warning C4244: “参数”: 从“float”转换到“GLuint”，可能丢失数据
e:\myopengl\myopengldemo\myopengldemo\game\ttq.cpp(257): warning C4244: “参数”: 从“float”转换到“GLuint”，可能丢失数据
  GameLevel.cpp
e:\myopengl\myopengldemo\myopengldemo\game\gamelevel.cpp(60): warning C4244: “初始化”: 从“GLuint”转换到“GLfloat”，可能丢失数据
  GameObject.cpp
  ParticleGenerator.cpp
e:\myopengl\myopengldemo\myopengldemo\opengl\particlegenerator.cpp(33): warning C4244: “-=”: 从“double”转换到“T”，可能丢失数据
          with
          [
              T=float
          ]
e:\myopengl\myopengldemo\myopengldemo\opengl\particlegenerator.cpp(115): warning C4244: “初始化”: 从“double”转换到“GLfloat”，可能丢失数据
  PostProcessor.cpp
  ResourceManager.cpp
  Shader.cpp
  SpriteRenderer.cpp
  Texture.cpp
  TextRenderer.cpp
e:\myopengl\myopengldemo\myopengldemo\opengl\textrenderer.cpp(91): warning C4838: 从“FT_Pos”转换到“GLuint”需要收缩转换
  正在生成代码...
