e:\opengl\projects\myopengldemo\myopengldemo\debug\vc140.pdb
e:\opengl\projects\myopengldemo\myopengldemo\debug\vc140.idb
e:\opengl\projects\myopengldemo\myopengldemo\debug\glad.obj
e:\opengl\projects\myopengldemo\myopengldemo\debug\ball_object.obj
e:\opengl\projects\myopengldemo\myopengldemo\debug\game.obj
e:\opengl\projects\myopengldemo\myopengldemo\debug\game_level.obj
e:\opengl\projects\myopengldemo\myopengldemo\debug\game_object.obj
e:\opengl\projects\myopengldemo\myopengldemo\debug\main.obj
e:\opengl\projects\myopengldemo\myopengldemo\debug\particle_generator.obj
e:\opengl\projects\myopengldemo\myopengldemo\debug\post_processor.obj
e:\opengl\projects\myopengldemo\myopengldemo\debug\resource_manager.obj
e:\opengl\projects\myopengldemo\myopengldemo\debug\shader.obj
e:\opengl\projects\myopengldemo\myopengldemo\debug\sprite_renderer.obj
e:\opengl\projects\myopengldemo\myopengldemo\debug\texture.obj
e:\opengl\projects\myopengldemo\debug\myopengldemo.ilk
e:\opengl\projects\myopengldemo\debug\myopengldemo.exe
e:\opengl\projects\myopengldemo\debug\myopengldemo.pdb
e:\opengl\projects\myopengldemo\myopengldemo\debug\myopengldemo.tlog\cl.command.1.tlog
e:\opengl\projects\myopengldemo\myopengldemo\debug\myopengldemo.tlog\cl.read.1.tlog
e:\opengl\projects\myopengldemo\myopengldemo\debug\myopengldemo.tlog\cl.write.1.tlog
e:\opengl\projects\myopengldemo\myopengldemo\debug\myopengldemo.tlog\link.command.1.tlog
e:\opengl\projects\myopengldemo\myopengldemo\debug\myopengldemo.tlog\link.read.1.tlog
e:\opengl\projects\myopengldemo\myopengldemo\debug\myopengldemo.tlog\link.write.1.tlog
